<?xml version="1.0" encoding="UTF-8"?>
<testng-results ignored="0" total="1" passed="0" failed="1" skipped="0">
  <reporter-output>
  </reporter-output>
  <suite started-at="2022-10-10T18:26:39Z" name="BDD Test Suite" finished-at="2022-10-10T18:26:53Z" duration-ms="14429">
    <groups>
      <group name="cucumber">
        <method signature="AbstractTestNGCucumberTests.runScenario(cucumber.api.testng.PickleEventWrapper, cucumber.api.testng.CucumberFeatureWrapper)[pri:0, instance:com.crowdar.bdd.cukes.TestNGSecuencialRunner@615b5480]" name="runScenario" class="cucumber.api.testng.AbstractTestNGCucumberTests"/>
      </group> <!-- cucumber -->
    </groups>
    <test started-at="2022-10-10T18:26:39Z" name="TestNg Secuencial runner Tests" finished-at="2022-10-10T18:26:53Z" duration-ms="14429">
      <class name="com.crowdar.bdd.cukes.TestNGSecuencialRunner">
        <test-method is-config="true" signature="setUpClass()[pri:0, instance:com.crowdar.bdd.cukes.TestNGSecuencialRunner@615b5480]" started-at="2022-10-10T18:26:39Z" name="setUpClass" finished-at="2022-10-10T18:26:39Z" duration-ms="352" status="PASS">
          <reporter-output>
          </reporter-output>
        </test-method> <!-- setUpClass -->
        <test-method signature="runScenario(cucumber.api.testng.PickleEventWrapper, cucumber.api.testng.CucumberFeatureWrapper)[pri:0, instance:com.crowdar.bdd.cukes.TestNGSecuencialRunner@615b5480]" started-at="2022-10-10T18:26:39Z" name="runScenario" description="Runs Cucumber Scenarios" data-provider="scenarios" finished-at="2022-10-10T18:26:53Z" duration-ms="13579" status="FAIL">
          <params>
            <param index="0">
              <value>
                <![CDATA["Registro exitoso"]]>
              </value>
            </param>
            <param index="1">
              <value>
                <![CDATA["Registrarse"]]>
              </value>
            </param>
          </params>
          <exception class="java.lang.RuntimeException">
            <message>
              <![CDATA[Locator property format is invalid. Example: css:#loginButton]]>
            </message>
            <full-stacktrace>
              <![CDATA[java.lang.RuntimeException: Locator property format is invalid. Example: css:#loginButton
at com.crowdar.core.LocatorManager.getLocatorInEnum(LocatorManager.java:33)
at com.crowdar.core.LocatorManager.getLocator(LocatorManager.java:18)
at com.crowdar.core.actions.ActionManager.waitVisibility(ActionManager.java:188)
at lippia.web.services.HomeServices.formRegistro(HomeServices.java:104)
at lippia.web.steps.AutomationPracticeSteps.FormularioRegistro(AutomationPracticeSteps.java:84)
at ✽.ingresa "alba@gmail.com" y "alba1*234" en el formulario de registro(file:src/test/resources/web/features/register.feature:8)
]]>
            </full-stacktrace>
          </exception> <!-- java.lang.RuntimeException -->
          <reporter-output>
          </reporter-output>
        </test-method> <!-- runScenario -->
        <test-method is-config="true" signature="tearDownClass()[pri:0, instance:com.crowdar.bdd.cukes.TestNGSecuencialRunner@615b5480]" started-at="2022-10-10T18:26:53Z" name="tearDownClass" finished-at="2022-10-10T18:26:53Z" duration-ms="436" status="PASS">
          <reporter-output>
          </reporter-output>
        </test-method> <!-- tearDownClass -->
      </class> <!-- com.crowdar.bdd.cukes.TestNGSecuencialRunner -->
    </test> <!-- TestNg Secuencial runner Tests -->
  </suite> <!-- BDD Test Suite -->
</testng-results>
