<?xml version="1.0" encoding="UTF-8"?>
<!-- Generated by org.testng.reporters.JUnitXMLReporter -->
<testsuite ignored="0" hostname="Alba" failures="1" tests="1" name="TestNg Secuencial runner Tests" time="14.429" errors="0" timestamp="10 oct. 2022 18:26:53 GMT">
  <testcase classname="cucumber.api.testng.AbstractTestNGCucumberTests" name="runScenario" time="13.579">
    <failure type="java.lang.RuntimeException" message="Locator property format is invalid. Example: css:#loginButton">
      <![CDATA[java.lang.RuntimeException: Locator property format is invalid. Example: css:#loginButton
at com.crowdar.core.LocatorManager.getLocatorInEnum(LocatorManager.java:33)
at com.crowdar.core.LocatorManager.getLocator(LocatorManager.java:18)
at com.crowdar.core.actions.ActionManager.waitVisibility(ActionManager.java:188)
at lippia.web.services.HomeServices.formRegistro(HomeServices.java:104)
at lippia.web.steps.AutomationPracticeSteps.FormularioRegistro(AutomationPracticeSteps.java:84)
at ✽.ingresa "alba@gmail.com" y "alba1*234" en el formulario de registro(file:src/test/resources/web/features/register.feature:8)
]]>
    </failure>
  </testcase> <!-- runScenario -->
</testsuite> <!-- TestNg Secuencial runner Tests -->
