<?xml version="1.0" encoding="UTF-8"?>
<!-- Generated by org.testng.reporters.JUnitReportReporter -->
<testsuite hostname="Alba" failures="0" tests="1" name="com.crowdar.bdd.cukes.TestNGSecuencialRunner" time="13.579" errors="1" timestamp="10 oct. 2022 18:26:53 GMT" skipped="0">
  <testcase classname="com.crowdar.bdd.cukes.TestNGSecuencialRunner" name="runScenario" time="13.579">
    <error message="Locator property format is invalid. Example: css:#loginButton" type="java.lang.RuntimeException">
      <![CDATA[java.lang.RuntimeException: Locator property format is invalid. Example: css:#loginButton
at com.crowdar.core.LocatorManager.getLocatorInEnum(LocatorManager.java:33)
at com.crowdar.core.LocatorManager.getLocator(LocatorManager.java:18)
at com.crowdar.core.actions.ActionManager.waitVisibility(ActionManager.java:188)
at lippia.web.services.HomeServices.formRegistro(HomeServices.java:104)
at lippia.web.steps.AutomationPracticeSteps.FormularioRegistro(AutomationPracticeSteps.java:84)
at ✽.ingresa "alba@gmail.com" y "alba1*234" en el formulario de registro(file:src/test/resources/web/features/register.feature:8)
]]>
    </error>
  </testcase> <!-- runScenario -->
</testsuite> <!-- com.crowdar.bdd.cukes.TestNGSecuencialRunner -->
